<?xml version="1.0" encoding="UTF-8"?>
<!-- Generated by org.testng.reporters.JUnitXMLReporter -->
<testsuite ignored="0" hostname="karan" failures="1" tests="11" name="Smoke Test" time="261.479" errors="0" timestamp="03 Oct 2021 16:09:32 GMT">
  <testcase classname="com.coursera.org.test.IdentifyCoursesTest$validateIdentifyCourses" name="testSearchingWebDevelopmentCourse" time="40.536"/>
  <testcase classname="com.coursera.org.test.IdentifyCoursesTest$validateIdentifyCourses" name="testApplyLanguagefilterAsEnglish" time="29.893"/>
  <testcase classname="com.coursera.org.test.IdentifyCoursesTest$validateIdentifyCourses" name="testApplyLevelfilterAsBeginner" time="4.782"/>
  <testcase classname="com.coursera.org.test.IdentifyCoursesTest$validateIdentifyCourses" name="testFetchFirstCourseDetails" time="16.508"/>
  <testcase classname="com.coursera.org.test.IdentifyCoursesTest$validateIdentifyCourses" name="testFetchSecondCourseDetails" time="23.94"/>
  <testcase classname="com.coursera.org.test.IdentifyCoursesTest$validateIdentifyCourses" name="returnHomePage" time="26.784"/>
  <testcase classname="com.coursera.org.test.LanguageLearningCourseCountTest" name="testLoadLanguageLearningPage" time="10.475"/>
  <testcase classname="com.coursera.org.test.LanguageLearningCourseCountTest" name="testLanguageFilterAndPrintingValuesInExcel" time="37.83"/>
  <testcase classname="com.coursera.org.test.LanguageLearningCourseCountTest" name="testLevelFilterAndPrintingValuesInExcel" time="1.391"/>
  <testcase classname="com.coursera.org.test.FormFillingTestWithValidData" name="testLocateFormForSmokeTest" time="34.087">
    <failure type="org.openqa.selenium.JavascriptException" message="javascript error: Cannot read properties of null (reading &amp;apos;scrollHeight&amp;apos;)
  (Session info: chrome=94.0.4606.61)
Build info: version: &amp;apos;3.141.59&amp;apos;, revision: &amp;apos;e82be7d358&amp;apos;, time: &amp;apos;2018-11-14T08:17:03&amp;apos;
System info: host: &amp;apos;KARAN&amp;apos;, ip: &amp;apos;192.168.0.9&amp;apos;, os.name: &amp;apos;Windows 10&amp;apos;, os.arch: &amp;apos;amd64&amp;apos;, os.version: &amp;apos;10.0&amp;apos;, java.version: &amp;apos;16.0.1&amp;apos;
Driver info: org.openqa.selenium.chrome.ChromeDriver
Capabilities {acceptInsecureCerts: false, browserName: chrome, browserVersion: 94.0.4606.61, chrome: {chromedriverVersion: 94.0.4606.41 (333e85df3c9b6..., userDataDir: C:\Users\karan\AppData\Loca...}, goog:chromeOptions: {debuggerAddress: localhost:55403}, javascriptEnabled: true, networkConnectionEnabled: false, pageLoadStrategy: normal, platform: WINDOWS, platformName: WINDOWS, proxy: Proxy(), setWindowRect: true, strictFileInteractability: false, timeouts: {implicit: 0, pageLoad: 300000, script: 30000}, unhandledPromptBehavior: dismiss and notify, webauthn:extension:credBlob: true, webauthn:extension:largeBlob: true, webauthn:virtualAuthenticators: true}
Session ID: 60e344d5e90117beae6b160a583fc0ed">
      <![CDATA[org.openqa.selenium.JavascriptException: javascript error: Cannot read properties of null (reading 'scrollHeight')
  (Session info: chrome=94.0.4606.61)
Build info: version: '3.141.59', revision: 'e82be7d358', time: '2018-11-14T08:17:03'
System info: host: 'KARAN', ip: '192.168.0.9', os.name: 'Windows 10', os.arch: 'amd64', os.version: '10.0', java.version: '16.0.1'
Driver info: org.openqa.selenium.chrome.ChromeDriver
Capabilities {acceptInsecureCerts: false, browserName: chrome, browserVersion: 94.0.4606.61, chrome: {chromedriverVersion: 94.0.4606.41 (333e85df3c9b6..., userDataDir: C:\Users\karan\AppData\Loca...}, goog:chromeOptions: {debuggerAddress: localhost:55403}, javascriptEnabled: true, networkConnectionEnabled: false, pageLoadStrategy: normal, platform: WINDOWS, platformName: WINDOWS, proxy: Proxy(), setWindowRect: true, strictFileInteractability: false, timeouts: {implicit: 0, pageLoad: 300000, script: 30000}, unhandledPromptBehavior: dismiss and notify, webauthn:extension:credBlob: true, webauthn:extension:largeBlob: true, webauthn:virtualAuthenticators: true}
Session ID: 60e344d5e90117beae6b160a583fc0ed
at org.openqa.selenium.remote.http.W3CHttpResponseCodec.createException(W3CHttpResponseCodec.java:187)
at org.openqa.selenium.remote.http.W3CHttpResponseCodec.decode(W3CHttpResponseCodec.java:122)
at org.openqa.selenium.remote.http.W3CHttpResponseCodec.decode(W3CHttpResponseCodec.java:49)
at org.openqa.selenium.remote.HttpCommandExecutor.execute(HttpCommandExecutor.java:158)
at org.openqa.selenium.remote.service.DriverCommandExecutor.execute(DriverCommandExecutor.java:83)
at org.openqa.selenium.remote.RemoteWebDriver.execute(RemoteWebDriver.java:552)
at org.openqa.selenium.remote.RemoteWebDriver.executeScript(RemoteWebDriver.java:489)
at com.coursera.org.base.Base.scrollPage(Base.java:81)
at com.coursera.org.test.FormFillingTestWithValidData.testLocateFormForSmokeTest(FormFillingTestWithValidData.java:30)
... Removed 34 stack frames]]>
    </failure>
  </testcase> <!-- testLocateFormForSmokeTest -->
  <testcase classname="com.coursera.org.test.FormFillingTestWithValidData" name="testPassValidDetails" time="34.771"/>
</testsuite> <!-- Smoke Test -->
